# old categories - soft 404 to home page
rewrite ^/women-accessories/nails(/?)$ / last;
rewrite ^/women-clothing/western-apparel/suits(/?)$ / last;
rewrite ^/women-accessories/eyewear/optical-glasses(/?)$ / last;
rewrite ^/home-furnishings/dining-kitchen/dinnerware(/?)$ / last;
rewrite ^/women-accessories/jewellery/non-precious-imitation-tikka(/?)$ / last;
rewrite ^/women-accessories/jewellery/non-precious-imitation-rings(/?)$ / last;
rewrite ^/women-accessories/jewellery/stone-waist-belts-kamarbandh(/?)$ / last;
rewrite ^/home-furnishings/work-nook(/?)$ / last;
rewrite ^/beauty/bath-body/fragrance-oil(/?)$ / last;
rewrite ^/women-accessories/jewellery/toe-rings(/?)$ / last;
rewrite ^/women-accessories/jewellery/non-precious-imitation-brooches(/?)$ / last;
rewrite ^/home-furnishings/dining-kitchen/kitchen-decor(/?)$ / last;
rewrite ^/home-furnishings/living-home-decor/clocks(/?)$ / last;
rewrite ^/home-furnishings/outdoor/garden-accessories(/?)$ / last;
rewrite ^/women-accessories/stationery(/?)$ / last;
rewrite ^/women-footwear/sandals(/?)$ / last;
rewrite ^/women-footwear/sandals/heels(/?)$ / last;
rewrite ^/home-furnishings/bath/bath-towels(/?)$ / last;
rewrite ^/home-furnishings/living_room-bedroom/mirrors(/?)$ / last;
rewrite ^/home-furnishings/kids-room/quilts-throws(/?)$ / last;
rewrite ^/women-footwear/sporty(/?)$ / last;
rewrite ^/women-clothing/western-apparel/capris(/?)$ / last;
rewrite ^/women-accessories/jewellery/gold-hair-adornments(/?)$ / last;
rewrite ^/women-accessories/jewellery/stone-amulets-bazubandh(/?)$ / last;
rewrite ^/home/bedroom/pillows(/?)$ / last;
rewrite ^/home-furnishings/dining-kitchen/tea-sets(/?)$ / last;
rewrite ^/women-accessories/socks-tights(/?)$ / last;
rewrite ^/women-accessories/jewellery/silver-earrings(/?)$ / last;
rewrite ^/women-clothing/ethnic-indian-wear/kurtas(/?)$ / last;
rewrite ^/women-clothing/ethnic-indian-wear/skirts(/?)$ / last;
rewrite ^/home-furnishings/dining-kitchen/glasses(/?)$ / last;
rewrite ^/women-beauty/hair/hair_treatment(/?)$ / last;
rewrite ^/women-accessories/jewellery/amulets-bazubandh(/?)$ / last;
rewrite ^/home-furnishings/bathroom/bathrobes(/?)$ / last;
rewrite ^/women-accessories/jewellery/silver-bangles(/?)$ / last;
rewrite ^/women-accessories/jewellery/semi-precious-stones-anklets-payals(/?)$ / last;
rewrite ^/women-beauty/makeup-eye/remover(/?)$ / last;
rewrite ^/beauty/bath-body/accessories(/?)$ / last;
rewrite ^/women-bags/back_packs(/?)$ / last;
rewrite ^/women-footwear/pumps/all-pumps(/?)$ / last;
rewrite ^/women-accessories/eyewear/sunglasses(/?)$ / last;
rewrite ^/women-accessories/jewellery/semi-precious-stones-bracelets-friendship-bands(/?)$ / last;
rewrite ^/women-footwear/flip_flops(/?)$ / last;
rewrite ^/home/living-home-decor/curtains/door-curtains(/?)$ / last;
rewrite ^/home/living-home-decor/wall-decor/art(/?)$ / last;
rewrite ^/women-accessories/jewellery/non-precious-imitation-neckpieces(/?)$ / last;
rewrite ^/outdoors/picnic-ware(/?)$ / last;
rewrite ^/women-accessories/jewellery/stone-hair-adornments(/?)$ / last;
rewrite ^/outdoors/garden-accessories(/?)$ / last;
rewrite ^/women-accessories/jewellery/semi-precious-stones-toe-rings(/?)$ / last;
rewrite ^/women-clothing/western-apparel/shrugs-capes(/?)$ / last;
rewrite ^/women-accessories/jewellery/stone-bridals(/?)$ / last;
rewrite ^/women-accessories/watches/jewellery-watch(/?)$ / last;
rewrite ^/home-furnishings/bath(/?)$ / last;
rewrite ^/women-clothing/lingerie/separates(/?)$ / last;
rewrite ^/women-beauty/skin/night_cream(/?)$ / last;
rewrite ^/women-footwear/pumps(/?)$ / last;
rewrite ^/women-clothing/lingerie/specials-valentines(/?)$ / last;
rewrite ^/women-bags/handbags(/?)$ / last;
rewrite ^/women-clothing/western-apparel/jumpsuits(/?)$ / last;
rewrite ^/women-accessories/jewellery/semi-precious-stones-neckpieces(/?)$ / last;
rewrite ^/women-clothing/ethnic-indian-wear/dupattas(/?)$ / last;
rewrite ^/accessories/otheraccessories/umbrella(/?)$ / last;
rewrite ^/home-furnishings/living_room-bedroom/wallpaper(/?)$ / last;
rewrite ^/home-furnishings/dining-kitchen/cutlery(/?)$ / last;
rewrite ^/home-furnishings/living-home-decor/accessories(/?)$ / last;
rewrite ^/women-accessories/jewellery/stone-neckpieces(/?)$ / last;
rewrite ^/home/living-home-decor/candles-poutporri/candles(/?)$ / last;
rewrite ^/women-accessories/jewellery/gold-bridals(/?)$ / last;
rewrite ^/women-accessories/jewellery/stone-tikka(/?)$ / last;
rewrite ^/women-clothing/western-apparel/leggings(/?)$ / last;
rewrite ^/women-accessories/jewellery/semi-precious-stones-pendants-sets(/?)$ / last;
rewrite ^/work/calenders(/?)$ / last;
rewrite ^/home-furnishings/work-nook/diaries-organisers(/?)$ / last;
rewrite ^/women-accessories/jewellery/non-precious-imitation-nose-pins(/?)$ / last;
rewrite ^/women-accessories/jewellery/gold-tikka(/?)$ / last;
rewrite ^/women-accessories/jewellery/stone-nose-pins(/?)$ / last;
rewrite ^/home-furnishings/dining-kitchen/storage(/?)$ / last;
rewrite ^/home-furnishings/outdoor/garden-furniture(/?)$ / last;
rewrite ^/women-accessories/others(/?)$ / last;
rewrite ^/women-clothing/saree/designer-sarees(/?)$ / last;
rewrite ^/home-furnishings/bathroom(/?)$ / last;
rewrite ^/women-footwear/flats/lace_ups(/?)$ / last;
rewrite ^/home-furnishings/dining-kitchen/glassware(/?)$ / last;
rewrite ^/women-clothing/western-apparel/shorts(/?)$ / last;
rewrite ^/home/table-linen-accessories/table-mats(/?)$ / last;
rewrite ^/women-accessories/jewellery/non-precious-imitation-bridals(/?)$ / last;
rewrite ^/home-furnishings/dining-kitchen/table-linen-accessories/table-covers(/?)$ / last;
rewrite ^/home/bedroom/quilts-throws-dohars(/?)$ / last;
rewrite ^/home-furnishings/kids-room/rugs(/?)$ / last;
rewrite ^/home-furnishings/living_room-bedroom(/?)$ / last;
rewrite ^/home-furnishings/dining-kitchen/barware(/?)$ / last;
rewrite ^/home/living-home-decor/wall-decor/decoratives-wall-hangings(/?)$ / last;
rewrite ^/women-accessories/drapes/scarves(/?)$ / last;
rewrite ^/home-furnishings/dining-kitchen/mugs-tea-sets(/?)$ / last;
rewrite ^/women-accessories/jewellery/nose-pins(/?)$ / last;
rewrite ^/women-clothing/western-apparel/dress(/?)$ / last;
rewrite ^/beauty/bath-body/body-oil(/?)$ / last;
rewrite ^/home/living-home-decor/curtains/curtain-accessories(/?)$ / last;
rewrite ^/women-accessories/jewellery/semi-precious-stones-tikka(/?)$ / last;
rewrite ^/women-clothing/western-apparel/skirts(/?)$ / last;
rewrite ^/women-beauty/skin/moisturise(/?)$ / last;
rewrite ^/home/living-home-decor/accessories/key-rings(/?)$ / last;
rewrite ^/women-accessories/jewellery/bracelets-friendship-bands(/?)$ / last;
rewrite ^/women-accessories/jewellery/gold-rings(/?)$ / last;
rewrite ^/home-furnishings/bath/mats(/?)$ / last;
rewrite ^/women-clothing/western-apparel/others(/?)$ / last;
rewrite ^/home-furnishings/bath/shower-curtains(/?)$ / last;
rewrite ^/women-accessories/jewellery/gold-anklets-payals(/?)$ / last;
rewrite ^/women-clothing/western-apparel/trousers(/?)$ / last;
rewrite ^/home-furnishings/dining-kitchen/table-linen-accessories/napkin-rings(/?)$ / last;
rewrite ^/women-bags/purses(/?)$ / last;
rewrite ^/women-clothing/ethnic-indian-wear/kurtis(/?)$ / last;
rewrite ^/women-clothing/lingerie/briefs-panties(/?)$ / last;
rewrite ^/home/bed-linen/comforters-more/duvet-covers(/?)$ / last;
rewrite ^/home/living-home-decor/accessories/other(/?)$ / last;
rewrite ^/women-clothing/western-apparel/shirts-blouses(/?)$ / last;
rewrite ^/women-bags/large-oversize-bags(/?)$ / last;
rewrite ^/work(/?)$ / last;
rewrite ^/home-furnishings/dining-kitchen/cutlery-crockery(/?)$ / last;
rewrite ^/shop-by-room/kids-room/nick-nacks(/?)$ / last;
rewrite ^/women-accessories/jewellery/silver-nose-pins(/?)$ / last;
rewrite ^/outdoors(/?)$ / last;
rewrite ^/women-clothing/ethnic-indian-wear/salwar-kameez-suits(/?)$ / last;
rewrite ^/women-accessories/jewellery/gold-earrings(/?)$ / last;
rewrite ^/home/living-home-decor/religion-sprituality(/?)$ / last;
rewrite ^/home-furnishings/living-home-decor/wall-decor(/?)$ / last;
rewrite ^/women-clothing/western-apparel/sweaters-cardigans(/?)$ / last;
rewrite ^/women-clothing/western-apparel/denims(/?)$ / last;
rewrite ^/women-accessories/jewellery/silver-anklets-payals(/?)$ / last;
rewrite ^/women-accessories/jewellery/hair-adornments(/?)$ / last;
rewrite ^/women-accessories/jewellery/semi-precious-stones-nose-pins(/?)$ / last;
rewrite ^/home-furnishings/dining-kitchen/serveware(/?)$ / last;
rewrite ^/home/living-home-decor/wall-decor/posters(/?)$ / last;
rewrite ^/home-furnishings/living_room-bedroom/blinds(/?)$ / last;
rewrite ^/women-accessories/jewellery/non-precious-imitation-earrings(/?)$ / last;
rewrite ^/work/stationery(/?)$ / last;
rewrite ^/home-furnishings/dining-kitchen/home-appliances(/?)$ / last;
rewrite ^/women-accessories/eyewear(/?)$ / last;
rewrite ^/women-footwear/flats/moccasins(/?)$ / last;
rewrite ^/home/living-home-decor/accessories/tissue-box(/?)$ / last;
rewrite ^/women-accessories/jewellery/semi-precious-stones-waist-belts-kamarbandh(/?)$ / last;
rewrite ^/home-furnishings/dining-kitchen/table-linen-accessories/table-runners(/?)$ / last;
rewrite ^/women-beauty/hair/hair_brush(/?)$ / last;
rewrite ^/women-footwear/sandals/platforms(/?)$ / last;
rewrite ^/home/living-home-decor/decoratives(/?)$ / last;
rewrite ^/home/living-home-decor/photo-frames(/?)$ / last;
rewrite ^/home-furnishings/bathroom/bath-mats(/?)$ / last;
rewrite ^/women-accessories/jewellery/semi-precious-stones-rings(/?)$ / last;
rewrite ^/women-accessories/jewellery/stone-toe-rings(/?)$ / last;
rewrite ^/home-furnishings/living_room-bedroom/bean-bags(/?)$ / last;
rewrite ^/home-furnishings/bathroom/weighing-scales(/?)$ / last;
rewrite ^/women-clothing/lingerie/camisoles-chemises(/?)$ / last;
rewrite ^/home/living-home-decor/curtains/window-curtains(/?)$ / last;
rewrite ^/women-clothing/lingerie/shape_wear(/?)$ / last;
rewrite ^/women-accessories/jewellery/non-precious-imitation-bangles(/?)$ / last;
rewrite ^/home-furnishings/living_room-bedroom/lightings(/?)$ / last;
rewrite ^/women-accessories/jewellery/non-precious-imitation-waist-belts-kamarbandh(/?)$ / last;
rewrite ^/women-footwear/sandals/wedges(/?)$ / last;
rewrite ^/women-clothing/western-apparel/leather(/?)$ / last;
rewrite ^/home-furnishings/living_room-bedroom/curtains-rods(/?)$ / last;
rewrite ^/women-beauty/hair/hair_styling(/?)$ / last;
rewrite ^/home/bed-linen/comforters-more/quilts(/?)$ / last;
rewrite ^/women-accessories/jewellery/semi-precious-stones-bangles(/?)$ / last;
rewrite ^/women-accessories/jewellery/silver-waist-belts-kamarbandh(/?)$ / last;
rewrite ^/home-furnishings/bathroom/bathroom-accessories(/?)$ / last;
rewrite ^/women-accessories/jewellery/non-precious-imitation-pendants-sets(/?)$ / last;
rewrite ^/home-furnishings/living-home-decor/cushions(/?)$ / last;
rewrite ^/women-clothing/western-apparel/camis(/?)$ / last;
rewrite ^/home-furnishings/work-nook/writing-instruments-pens-pencils(/?)$ / last;
rewrite ^/women-accessories/jewellery/semi-precious-stones-hair-adornments(/?)$ / last;
rewrite ^/women-clothing/western-apparel/t-shirts(/?)$ / last;
rewrite ^/women-accessories/jewellery/stone-brooches(/?)$ / last;
rewrite ^/work/storage-bins(/?)$ / last;
rewrite ^/women-accessories/jewellery/gold-brooches(/?)$ / last;
rewrite ^/women-bags/small-leather-goods(/?)$ / last;
rewrite ^/women-accessories/jewellery/stone-anklets-payals(/?)$ / last;
rewrite ^/women-bags/wallets(/?)$ / last;
rewrite ^/home/bed-linen/bed-cover(/?)$ / last;
rewrite ^/home/living-home-decor/accessories/knobs(/?)$ / last;
rewrite ^/women-clothing/western-apparel/all-dresses(/?)$ / last;
rewrite ^/women-clothing/lingerie/nigh_wear(/?)$ / last;
rewrite ^/women-accessories/drapes/stoles(/?)$ / last;
rewrite ^/women-clothing/western-apparel/tunics(/?)$ / last;
rewrite ^/work/dairies-organisers(/?)$ / last;
rewrite ^/home-furnishings/living_room-bedroom/quilts-throws(/?)$ / last;
rewrite ^/home-furnishings/dining-kitchen/table-linen-accessories/table-napkins(/?)$ / last;
rewrite ^/outdoors/light-conservatory-furniture(/?)$ / last;
rewrite ^/women-clothing/ethnic-indian-wear/shrugs-capes(/?)$ / last;
rewrite ^/women-accessories/watches/fashion-watch(/?)$ / last;
rewrite ^/women-clothing/lingerie/robes(/?)$ / last;
rewrite ^/home-furnishings/dining-kitchen/table_linen-accessories(/?)$ / last;
rewrite ^/women-accessories/jewellery/non-precious-imitation-bracelets-friendship-bands(/?)$ / last;
rewrite ^/women-accessories/jewellery/non-precious-imitation-amulets-bazubandh(/?)$ / last;
rewrite ^/home-furnishings/living-home-decor/rugs-carpets(/?)$ / last;
rewrite ^/shop-by-room/kids-room/soft-furnishings/school-bags(/?)$ / last;
rewrite ^/women-accessories/jewellery/gold-bracelets-friendship-bands(/?)$ / last;
rewrite ^/home-furnishings/living_room-bedroom/clocks(/?)$ / last;
rewrite ^/home-furnishings/dining-kitchen/serveware/bowls(/?)$ / last;
rewrite ^/women-accessories/drapes/snoods(/?)$ / last;
rewrite ^/home-furnishings/outdoor(/?)$ / last;
rewrite ^/women-accessories/jewellery/semi-precious-stones-amulets-bazubandh(/?)$ / last;
rewrite ^/home-furnishings/bathroom/shower-curtains(/?)$ / last;
rewrite ^/home-furnishings/living-home-decor/candles-poutporri(/?)$ / last;
rewrite ^/women-accessories/jewellery/silver-bridals(/?)$ / last;
rewrite ^/home-furnishings/kids-room/lightings(/?)$ / last;
rewrite ^/women-accessories/watches/digital-watch(/?)$ / last;
rewrite ^/women-accessories/jewellery/non-precious-imitation-anklets-payals(/?)$ / last;
rewrite ^/home-furnishings/living-home-decor/small-furniture(/?)$ / last;
rewrite ^/home/living-home-decor/wall-decor/paintings(/?)$ / last;
rewrite ^/home-furnishings/living-home-decor/curtains(/?)$ / last;
rewrite ^/home-furnishings/bedroom(/?)$ / last;
rewrite ^/women-clothing/lingerie/bikinis(/?)$ / last;
rewrite ^/women-accessories/jewellery/waist-belts-kamarbandh(/?)$ / last;
rewrite ^/work/techno-gadgets(/?)$ / last;
rewrite ^/women-accessories/jewellery/gold-nose-pins(/?)$ / last;
rewrite ^/women-beauty/bath-body/body_lotion(/?)$ / last;
rewrite ^/women-accessories/watches/sports-watch(/?)$ / last;
rewrite ^/home-furnishings/living-home-decor/lightings(/?)$ / last;
rewrite ^/women-accessories/jewellery/stone-bangles(/?)$ / last;
rewrite ^/women-footwear/pumps/sling_backs(/?)$ / last;
rewrite ^/women-footwear/sandals/clogs(/?)$ / last;
rewrite ^/women-accessories/jewellery/silver-neckpieces(/?)$ / last;
rewrite ^/women-accessories/jewellery/silver-brooches(/?)$ / last;
rewrite ^/women-accessories/jewellery/silver-rings(/?)$ / last;
rewrite ^/women-bags/satchels-laptop_bags(/?)$ / last;
rewrite ^/home-furnishings/dining-kitchen(/?)$ / last;
rewrite ^/home-furnishings/kids-room/clocks(/?)$ / last;
rewrite ^/women-accessories/jewellery/stone-rings(/?)$ / last;
rewrite ^/home/living-home-decor/candles-poutporri/fragrances-diffusers(/?)$ / last;
rewrite ^/home/living-home-decor/candles-poutporri/potpourri(/?)$ / last;
rewrite ^/home/table-linen-accessories(/?)$ / last;
rewrite ^/home-furnishings/dining-kitchen/dinner-sets(/?)$ / last;
rewrite ^/home/table-linen-accessories/runners(/?)$ / last;
rewrite ^/women-accessories/jewellery/gold-bangles(/?)$ / last;
rewrite ^/women-clothing/lingerie/accessories(/?)$ / last;
rewrite ^/home-furnishings/dining-kitchen/kitchen-accessories(/?)$ / last;
rewrite ^/women-accessories/jewellery/stone-bracelets-friendship-bands(/?)$ / last;
rewrite ^/home-furnishings/bedroom/bed-linen(/?)$ / last;
rewrite ^/home/table-linen-accessories/sets(/?)$ / last;
rewrite ^/home-furnishings/living_room-bedroom/cushions(/?)$ / last;
rewrite ^/home/bed-linen/comforters-more/dohars(/?)$ / last;
rewrite ^/women-accessories/jewellery/semi-precious-stones-brooches(/?)$ / last;
rewrite ^/women-footwear/sporty/canvas(/?)$ / last;
rewrite ^/home-furnishings/living_room-bedroom/soft-furnishings(/?)$ / last;
rewrite ^/home-furnishings/bath/accessories(/?)$ / last;
rewrite ^/women-accessories/drapes(/?)$ / last;
rewrite ^/women-clothing/western-apparel/gowns(/?)$ / last;
rewrite ^/home-furnishings/bathroom/bath-towels(/?)$ / last;
rewrite ^/home/living-home-decor/vases(/?)$ / last;
rewrite ^/women-clothing/lingerie/sarongs(/?)$ / last;
rewrite ^/women-accessories/jewellery/silver-toe-rings(/?)$ / last;
rewrite ^/home-furnishings/kids-room/pictures-frames(/?)$ / last;
rewrite ^/women-accessories/jewellery/semi-precious-stones-bridals(/?)$ / last;
rewrite ^/women-clothing/lingerie/one_piece(/?)$ / last;
rewrite ^/women-footwear/sporty/sneakers(/?)$ / last;
rewrite ^/home-furnishings/kids-room/soft-furnishings(/?)$ / last;
rewrite ^/home-furnishings/living_room-bedroom/rugs-carpets(/?)$ / last;
rewrite ^/women-accessories/jewellery/non-precious-imitation-toe-rings(/?)$ / last;
rewrite ^/home/living-home-decor/candles-poutporri/candle-t-light-holders(/?)$ / last;
rewrite ^/women-clothing/lingerie/essentials(/?)$ / last;
rewrite ^/women-beauty/makeup-eye/mascare(/?)$ / last;
rewrite ^/women-clothing/western-apparel/jackets-blazers-coats(/?)$ / last;
rewrite ^/women-accessories/jewellery/semi-precious-stones-earrings(/?)$ / last;
rewrite ^/women-accessories/jewellery/gold-toe-rings(/?)$ / last;
rewrite ^/women-accessories/jewellery/gold-pendants-sets(/?)$ / last;
rewrite ^/women-clothing/western-apparel/jeans(/?)$ / last;
rewrite ^/women-accessories/jewellery/stone-pendants-sets(/?)$ / last;
rewrite ^/women-clothing/western-apparel/all-tops(/?)$ / last;
rewrite ^/women-accessories/jewellery/gold-neckpieces(/?)$ / last;
rewrite ^/women-accessories/jewellery/stone-earrings(/?)$ / last;
rewrite ^/women-accessories/jewellery/silver-hair-adornments(/?)$ / last;
rewrite ^/home/table-linen-accessories/napkins-napkin-rings(/?)$ / last;
rewrite ^/home/bed-linen/comforters-more/comforters(/?)$ / last;
rewrite ^/home-furnishings/living-home-decor(/?)$ / last;
rewrite ^/women-accessories/jewellery/bridals(/?)$ / last;
rewrite ^/women-accessories/jewellery/tikka(/?)$ / last;
rewrite ^/women-accessories/body-tattoos(/?)$ / last;
rewrite ^/home-furnishings/work-nook/stationery(/?)$ / last;
rewrite ^/home-furnishings/bedroom/bed-linen/quilts-throws(/?)$ / last;
rewrite ^/women-accessories/jewellery/silver-bracelets-friendship-bands(/?)$ / last;
rewrite ^/home-furnishings/living-home-decor/table-decor(/?)$ / last;
rewrite ^/women-clothing/lingerie/straps(/?)$ / last;
rewrite ^/women-accessories/jewellery/silver-amulets-bazubandh(/?)$ / last;
rewrite ^/women-clothing/ethnic-indian-wear/lehengas-ghagras(/?)$ / last;
rewrite ^/women-footwear/sandals/flats(/?)$ / last;
rewrite ^/women-clothing/saree/cholis(/?)$ / last;
rewrite ^/women-clothing/lingerie/beach_wear-swim_wear(/?)$ / last;
rewrite ^/home-furnishings/living_room-bedroom/home-decor(/?)$ / last;
rewrite ^/women-accessories/jewellery/non-precious-imitation-hair-adornments(/?)$ / last;
rewrite ^/shop-by-room/living-room-bedroom/room-fresheners(/?)$ / last;
rewrite ^/women-accessories/jewellery/silver-tikka(/?)$ / last;
rewrite ^/home-furnishings/dining-kitchen/cookware(/?)$ / last;
rewrite ^/women-accessories/drapes/shawls(/?)$ / last;
rewrite ^/women-clothing/western-apparel(/?)$ / last;
rewrite ^/women-beauty/hair/hair_oil(/?)$ / last;
rewrite ^/women-clothing/western-apparel/non_denim(/?)$ / last;
rewrite ^/home/table-linen-accessories/coasters(/?)$ / last;
rewrite ^/women-clothing/ethnic-indian-wear/bottoms-churidars(/?)$ / last;
rewrite ^/home/work-nook/office-accessories(/?)$ / last;
rewrite ^/home/table-linen-accessories/table-cloth(/?)$ / last;
rewrite ^/home-furnishings/bathroom/mirrors(/?)$ / last;
rewrite ^/women-accessories/jewellery/gold-amulets-bazubandh(/?)$ / last;
rewrite ^/home-furnishings/kids-room/beanbags(/?)$ / last;
rewrite ^/women-clothing/western-apparel/fashion(/?)$ / last;
rewrite ^/accessories/otheraccessories/others(/?)$ / last;
rewrite ^/women-accessories/jewellery/gold-waist-belts-kamarbandh(/?)$ / last;
rewrite ^/home/living-home-decor/wall-decor/wall-stickers(/?)$ / last;
rewrite ^/women-clothing/saree/sarees-with-blouses(/?)$ / last;
rewrite ^/women-clothing/lingerie/bras(/?)$ / last;
rewrite ^/home-furnishings/dining-kitchen/serveware/platters(/?)$ / last;
rewrite ^/home/bedroom/bed-sheets(/?)$ / last;
rewrite ^/women-accessories/jewellery/silver-pendants-sets(/?)$ / last;
rewrite ^/work/writing-intruments-pens-pencils(/?)$ / last;
rewrite ^/home/bed-linen/comforters-more/throws(/?)$ / last;
rewrite ^/home-furnishings/dining-kitchen/serveware/trays(/?)$ / last;
rewrite ^/women-clothing/saree(/?)$ / last;
rewrite ^/women-clothing/lingerie/coordinated-sets(/?)$ / last;
rewrite ^/outdoors/barbeque-outdoor-cooking(/?)$ / last;
rewrite ^/women-beauty/hair/hair_color(/?)$ / last;
