rewrite ^/home-furnishings/kids-room/beanbags(/?)$ /home-furnishings;
rewrite ^/home-furnishings/kids-room/clocks(/?)$ /home-furnishings;
rewrite ^/home-furnishings/kids-room/lightings(/?)$ /home-furnishings;
rewrite ^/home-furnishings/kids-room/pictures-frames(/?)$ /home-furnishings;
rewrite ^/home-furnishings/kids-room/quilts-throws(/?)$ /home-furnishings;
rewrite ^/home-furnishings/kids-room/rugs(/?)$ /home-furnishings;
rewrite ^/home-furnishings/kids-room/soft-furnishings(/?)$ /home-furnishings;
rewrite ^/home-furnishings/bathroom(/?)$ /home-furnishings;
rewrite ^/home-furnishings/bathroom/bath-mats(/?)$ /home-furnishings;
rewrite ^/home-furnishings/bathroom/bathrobes(/?)$ /home-furnishings;
rewrite ^/home-furnishings/bathroom/bathroom-accessories(/?)$ /home-furnishings;
rewrite ^/home-furnishings/bathroom/bath-towels(/?)$ /home-furnishings;
rewrite ^/home-furnishings/bathroom/mirrors(/?)$ /home-furnishings;
rewrite ^/home-furnishings/bathroom/shower-curtains(/?)$ /home-furnishings;
rewrite ^/home-furnishings/bathroom/weighing-scales(/?)$ /home-furnishings;
rewrite ^/home-furnishings/dining-kitchen/cutlery-crockery(/?)$ /home-furnishings;
rewrite ^/home-furnishings/dining-kitchen/dinnerware(/?)$ /home-furnishings;
rewrite ^/home-furnishings/dining-kitchen/glassware(/?)$ /home-furnishings;
rewrite ^/home-furnishings/dining-kitchen/home-appliances(/?)$ /home-furnishings;
rewrite ^/home-furnishings/dining-kitchen/kitchen-decor(/?)$ /home-furnishings;
rewrite ^/home-furnishings/dining-kitchen/table_linen-accessories(/?)$ /home-furnishings;
rewrite ^/home-furnishings/dining-kitchen/tea-sets(/?)$ /home-furnishings;
rewrite ^/home-furnishings/living_room-bedroom(/?)$ /home-furnishings;
rewrite ^/home-furnishings/living_room-bedroom/art(/?)$ /home-furnishings;
rewrite ^/home-furnishings/living_room-bedroom/bean-bags(/?)$ /home-furnishings;
rewrite ^/home-furnishings/living_room-bedroom/blinds(/?)$ /home-furnishings;
rewrite ^/home-furnishings/living_room-bedroom/clocks(/?)$ /home-furnishings;
rewrite ^/home-furnishings/living_room-bedroom/curtains-rods(/?)$ /home-furnishings;
rewrite ^/home-furnishings/living_room-bedroom/cushions(/?)$ /home-furnishings;
rewrite ^/home-furnishings/living_room-bedroom/home-decor(/?)$ /home-furnishings;
rewrite ^/home-furnishings/living_room-bedroom/lightings(/?)$ /home-furnishings;
rewrite ^/home-furnishings/living_room-bedroom/mirrors(/?)$ /home-furnishings;
rewrite ^/home-furnishings/living_room-bedroom/quilts-throws(/?)$ /home-furnishings;
rewrite ^/home-furnishings/living_room-bedroom/rugs-carpets(/?)$ /home-furnishings;
rewrite ^/home-furnishings/living_room-bedroom/soft-furnishings(/?)$ /home-furnishings;
rewrite ^/home-furnishings/living_room-bedroom/wallpaper(/?)$ /home-furnishings;
rewrite ^/home-furnishings/dining-kitchen/table-linen-accessories(/?)$ /home-furnishings;
rewrite ^/home-furnishings/dining-kitchen/table-linen-accessories/table-mats(/?)$ /home-furnishings;
rewrite ^/home/living-home-decor/accessories/tissue-box(/?)$ /home/decor;
rewrite ^/home/living-home-decor/accessories/knobs(/?)$ /home/decor;
rewrite ^/home/living-home-decor/accessories/key-rings(/?)$ /home/decor;
rewrite ^/home/living-home-decor/accessories/other(/?)$ /home/decor;
rewrite ^/home/living-home-decor/wall-decor/art(/?)$ /home/decor;
rewrite ^/home/living-home-decor/curtains/door-curtains(/?)$ /home/decor;
rewrite ^/home/living-home-decor/curtains/window-curtains(/?)$ /home/decor;
rewrite ^/home/living-home-decor/curtains/curtain-accessories(/?)$ /home/decor;
rewrite ^/home/living-home-decor/wall-decor/wall-stickers(/?)$ /home/decor;
rewrite ^/home/living-home-decor/wall-decor/decoratives-wall-hangings(/?)$ /home/decor;
rewrite ^/home/living-home-decor/wall-decor/posters(/?)$ /home/decor;
rewrite ^/home/living-home-decor/wall-decor/paintings(/?)$ /home/decor;
rewrite ^/home/living-home-decor/vases(/?)$ /home/decor;
rewrite ^/home/living-home-decor/photo-frames(/?)$ /home/decor;
rewrite ^/home/living-home-decor/religion-sprituality(/?)$ /home/decor;
rewrite ^/home/living-home-decor/decoratives(/?)$ /home/decor;
rewrite ^/home/living-home-decor/candles-poutporri/candles(/?)$ /home/decor;
rewrite ^/home/living-home-decor/candles-poutporri/candle-t-light-holders(/?)$ /home/decor;
rewrite ^/home/living-home-decor/candles-poutporri/fragrances-diffusers(/?)$ /home/decor;
rewrite ^/home/living-home-decor/candles-poutporri/potpourri(/?)$ /home/decor;
rewrite ^/home/table-linen-accessories(/?)$ /home-furnishings;
rewrite ^/home/work-nook/office-accessories(/?)$ /home-furnishings;
rewrite ^/home/bedroom/bed-sheets(/?)$ /home-furnishings;
rewrite ^/home/bedroom/quilts-throws-dohars(/?)$ /home-furnishings;
rewrite ^/home/bedroom/pillows(/?)$ /home-furnishings;
rewrite ^/home/table-linen-accessories/table-mats(/?)$ /home-furnishings;
rewrite ^/home/table-linen-accessories/coasters(/?)$ /home-furnishings;
rewrite ^/home/table-linen-accessories/sets(/?)$ /home-furnishings;
rewrite ^/home/table-linen-accessories/runners(/?)$ /home-furnishings;
rewrite ^/home/table-linen-accessories/napkins-napkin-rings(/?)$ /home-furnishings;
rewrite ^/home/table-linen-accessories/table-cloth(/?)$ /home-furnishings;
rewrite ^/home/bed-linen/bed-cover(/?)$ /home-furnishings;
rewrite ^/home/bed-linen/comforters-more/comforters(/?)$ /home-furnishings;
rewrite ^/home/bed-linen/comforters-more/quilts(/?)$ /home-furnishings;
rewrite ^/home/bed-linen/comforters-more/dohars(/?)$ /home-furnishings;
rewrite ^/home/bed-linen/comforters-more/duvet-covers(/?)$ /home-furnishings;
rewrite ^/home/bed-linen/comforters-more/throws(/?)$ /home-furnishings;
rewrite ^/home-furnishings/bedroom(/?)$ /home/bed-bath/bedding;
rewrite ^/home-furnishings/bedroom/bed-linen(/?)$ /home/bed-bath/bedding/bed-sheet-sets/king-size-california-king;
rewrite ^/home-furnishings/bedroom/bed-linen/bed-sheets(/?)$ /home/bed-bath/bedding/bed-sheet-sets/single-sheet;
rewrite ^/home-furnishings/bedroom/bed-linen/quilts-throws(/?)$ /home/bed-bath/bedding/quilts-blankets/winter-quilts-blankets;
rewrite ^/home-furnishings/bedroom/bed-linen/pillows(/?)$ /home/bed-bath/bedding/pillows-inserts/bed-pillows;
rewrite ^/home-furnishings/bath(/?)$ /home/bed-bath/bath;
rewrite ^/home-furnishings/bath/bath-towels(/?)$ /home/bed-bath/bath-linen/towels/face-towels;
rewrite ^/home-furnishings/bath/mats(/?)$ /home/bed-bath/bath-linen/bath-mats;
rewrite ^/home-furnishings/bath/shower-curtains(/?)$ /home/bed-bath/bath-linen/shower-curtains;
rewrite ^/home-furnishings/bath/accessories(/?)$ /home/bed-bath/bathroom-accessories/accessories;
rewrite ^/home-furnishings/living-home-decor(/?)$ /home/decor;
rewrite ^/home-furnishings/living-home-decor/curtains(/?)$ /home/decor/curtains-accessories/curtain-accessories;
rewrite ^/home-furnishings/living-home-decor/cushions(/?)$ /home/decor/cushions-throws/cushion-covers/exclusive-cushion-covers;
rewrite ^/home-furnishings/living-home-decor/rugs-carpets(/?)$ /home/decor/rugs-carpets/doormats;
rewrite ^/home-furnishings/living-home-decor/clocks(/?)$ /home/decor/clocks/alarm-clocks;
rewrite ^/home-furnishings/living-home-decor/art(/?)$ /home/decor/wall-decor/wall-art/wall-hanging;
rewrite ^/home-furnishings/living-home-decor/wall-decor(/?)$ /home/decor/wall-decor/wall-accents;
rewrite ^/home-furnishings/living-home-decor/candles-poutporri(/?)$ /home/decor/candles-fragrances/home-fragrances/potpourri;
rewrite ^/home-furnishings/living-home-decor/table-decor(/?)$ /home/decor/vases-flowers/indoor-plants;
rewrite ^/home-furnishings/outdoor(/?)$ /home/decor/garden-patio/pots-planters;
rewrite ^/home-furnishings/outdoor/garden-accessories(/?)$ /home/decor/garden-patio/watering-cans;
rewrite ^/home-furnishings/outdoor/garden-furniture(/?)$ /home/decor/garden-patio/garden-decor;
rewrite ^/home-furnishings/living-home-decor/accessories(/?)$ /home/decor/hardware/knobs;
rewrite ^/home-furnishings/dining-kitchen(/?)$ /home/kitchen-dining;
rewrite ^/home-furnishings/dining-kitchen/table-linen-accessories/table-napkins(/?)$ /home/kitchen-dining/table-linen/placemats;
rewrite ^/home-furnishings/dining-kitchen/table-linen-accessories/table-covers(/?)$ /home/kitchen-dining/table-linen/table-cloths;
rewrite ^/home-furnishings/dining-kitchen/table-linen-accessories/napkin-rings(/?)$ /home/kitchen-dining/table-linen/napkins;
rewrite ^/home-furnishings/dining-kitchen/table-linen-accessories/table-runners(/?)$ /home/kitchen-dining/table-linen/table-runners;
rewrite ^/home-furnishings/dining-kitchen/cookware(/?)$ /home/kitchen-dining/cookware/pressure-cookers;
rewrite ^/home-furnishings/dining-kitchen/glasses(/?)$ /home/kitchen-dining/bar-drinkware/bar-tools/bar-sets;
rewrite ^/home-furnishings/dining-kitchen/barware(/?)$ /home/kitchen-dining/bar-drinkware/bar-tools/storage-buckets;
rewrite ^/home-furnishings/dining-kitchen/kitchen-accessories(/?)$ /home/kitchen-dining/kitchen-accessories;
rewrite ^/home-furnishings/dining-kitchen/cutlery(/?)$ /home/kitchen-dining/tableware/table-accessories/random;
rewrite ^/home-furnishings/dining-kitchen/dinner-sets(/?)$ /home/kitchen-dining/tableware/dinner-sets;
rewrite ^/home-furnishings/dining-kitchen/serveware(/?)$ /home/kitchen-dining/tableware/loose-dinnerware/other-kitchen-essentials;
rewrite ^/home-furnishings/dining-kitchen/serveware/bowls(/?)$ /home/kitchen-dining/tableware/loose-dinnerware/bowls;
rewrite ^/home-furnishings/dining-kitchen/serveware/platters(/?)$ /home/kitchen-dining/tableware/serving-platters;
rewrite ^/home-furnishings/dining-kitchen/serveware/trays(/?)$ /home/kitchen-dining/tableware/trays;
rewrite ^/home-furnishings/dining-kitchen/table-linen-accessories/coasters(/?)$ /home/kitchen-dining/tableware/coasters-trivets;
rewrite ^/home-furnishings/dining-kitchen/storage(/?)$ /home/kitchen-dining/kitchen-storage/thermoware;
rewrite ^/home-furnishings/dining-kitchen/mugs-tea-sets(/?)$ /home/kitchen-dining/coffee-tea/coffee-tea-sets;
rewrite ^/home-furnishings/living-home-decor/lightings(/?)$ /home/decor/lighting/ceiling-lights;
rewrite ^/home-furnishings/living-home-decor/small-furniture(/?)$ /home/decor/furniture;
rewrite ^/home-furnishings/work-nook(/?)$ /home/decor;
rewrite ^/home-furnishings/work-nook/diaries-organisers(/?)$ /home/decor;
rewrite ^/home-furnishings/work-nook/stationery(/?)$ /home/decor;
rewrite ^/home-furnishings/work-nook/writing-instruments-pens-pencils(/?)$ /home/decor;
rewrite ^/clothing/bottoms(/?)$ /clothing/bottom-wear;
rewrite ^/products(/?)$ /women-clothing;
rewrite ^/women-clothing/tops/tees(/?)$ /clothing/westernwear/tees;
rewrite ^/women-clothing/tops(/?)$ /clothing/westernwear/tops;
rewrite ^/women-clothing/sarees(/?)$ /clothing/ethnic-wear/sarees;
rewrite ^/women-clothing/salwar-kameez-suits(/?)$ /clothing/ethnic-wear/salwar-kameez-suits;
rewrite ^/women-clothing/leggings-jeggings/leggings(/?)$ /clothing/bottom-wear/capris-leggings/leggings;
rewrite ^/women-clothing/leggings-jeggings(/?)$ /clothing/bottom-wear/capris-leggings;
rewrite ^/women-clothing/kurtas-kurtis/kurtis(/?)$ /clothing/ethnic-wear/kurta-kurtis/kurtis;
rewrite ^/women-clothing/kurtas-kurtis/kurtas(/?)$ /clothing/ethnic-wear/kurta-kurtis/kurtas;
rewrite ^/women-clothing/kurtas-kurtis(/?)$ /clothing/ethnic-wear/kurta-kurtis;
rewrite ^/women-clothing/dresses(/?)$ /clothing/westernwear/dresses;
rewrite ^/women-clothing/churidars-salwars(/?)$ /clothing/ethnic-wear/churidars-salwars;
rewrite ^/women-clothing/capris(/?)$ /clothing/bottom-wear/capris-leggings/capris;
rewrite ^/women-accessories/others(/?)$ /women-accessories;
rewrite ^/women-accessories/jewellery/hair-adornments(/?)$ /women-accessories/hair;
rewrite ^/women-accessories/jewellery/non-precious-imitation-hair-adornments(/?)$ /women-accessories/hair;
rewrite ^/women-accessories/jewellery/non-precious-imitation-anklets-payals(/?)$ /women-accessories/jewellery/anklets-payals;
rewrite ^/women-accessories/jewellery/gold-bangles(/?)$ /women-accessories/jewellery/bangles/gold;
rewrite ^/women-accessories/jewellery/non-precious-imitation-bangles(/?)$ /women-accessories/jewellery/bangles/non-precious-imitation;
rewrite ^/women-accessories/jewellery/semi-precious-stones-bangles(/?)$ /women-accessories/jewellery/bangles/semi-precious;
rewrite ^/women-accessories/jewellery/silver-bangles(/?)$ /women-accessories/jewellery/bangles/silver;
rewrite ^/women-accessories/jewellery/bracelets-friendship-bands(/?)$ /women-accessories/jewellery/bracelets;
rewrite ^/women-accessories/jewellery/gold-bracelets-friendship-bands(/?)$ /women-accessories/jewellery/bracelets/gold;
rewrite ^/women-accessories/jewellery/non-precious-imitation-bracelets-friendship-bands(/?)$ /women-accessories/jewellery/bracelets/non-precious-imitation;
rewrite ^/women-accessories/jewellery/semi-precious-stones-bracelets-friendship-bands(/?)$ /women-accessories/jewellery/bracelets/semi-precious;
rewrite ^/women-accessories/jewellery/silver-bracelets-friendship-bands(/?)$ /women-accessories/jewellery/bracelets/silver;
rewrite ^/women-accessories/jewellery/non-precious-imitation-brooches(/?)$ /women-accessories/jewellery/brooches;
rewrite ^/women-accessories/jewellery/semi-precious-stones-brooches(/?)$ /women-accessories/jewellery/brooches;
rewrite ^/women-accessories/jewellery/gold-earrings(/?)$ /women-accessories/jewellery/earrings/gold;
rewrite ^/women-accessories/jewellery/non-precious-imitation-earrings(/?)$ /women-accessories/jewellery/earrings/non-precious-imitation;
rewrite ^/women-accessories/jewellery/stone-earrings(/?)$ /women-accessories/jewellery/earrings/non-precious-imitation;
rewrite ^/women-accessories/jewellery/semi-precious-stones-earrings(/?)$ /women-accessories/jewellery/earrings/semi-precious;
rewrite ^/women-accessories/jewellery/silver-earrings(/?)$ /women-accessories/jewellery/earrings/silver;
rewrite ^/women-accessories/jewellery/gold-neckpieces(/?)$ /women-accessories/jewellery/neckpieces/gold;
rewrite ^/women-accessories/jewellery/non-precious-imitation-neckpieces(/?)$ /women-accessories/jewellery/neckpieces/non-precious-imitation;
rewrite ^/women-accessories/jewellery/stone-neckpieces(/?)$ /women-accessories/jewellery/neckpieces/semi-precious;
rewrite ^/women-accessories/jewellery/semi-precious-stones-neckpieces(/?)$ /women-accessories/jewellery/neckpieces/semi-precious;
rewrite ^/women-accessories/jewellery/silver-neckpieces(/?)$ /women-accessories/jewellery/neckpieces/silver;
rewrite ^/women-accessories/jewellery/silver-tikka(/?)$ /women-accessories/jewellery/others;
rewrite ^/women-accessories/jewellery/non-precious-imitation-amulets-bazubandh(/?)$ /women-accessories/jewellery/others;
rewrite ^/women-accessories/jewellery/stone-bridals(/?)$ /women-accessories/jewellery/others;
rewrite ^/accessories/otheraccessories/others(/?)$ /women-accessories/other-accessories;
rewrite ^/women-accessories/jewellery/gold-pendants-sets(/?)$ /women-accessories/jewellery/pendants-sets/gold;
rewrite ^/women-accessories/jewellery/non-precious-imitation-pendants-sets(/?)$ /women-accessories/jewellery/pendants-sets/non-precious-imitation;
rewrite ^/women-accessories/jewellery/semi-precious-stones-pendants-sets(/?)$ /women-accessories/jewellery/pendants-sets/semi-precious;
rewrite ^/women-accessories/jewellery/silver-pendants-sets(/?)$ /women-accessories/jewellery/pendants-sets/silver;
rewrite ^/women-accessories/jewellery/gold-rings(/?)$ /women-accessories/jewellery/rings/gold;
rewrite ^/women-accessories/jewellery/non-precious-imitation-rings(/?)$ /women-accessories/jewellery/rings/non-precious-imitation;
rewrite ^/women-accessories/jewellery/silver-rings(/?)$ /women-accessories/jewellery/rings/silver;
rewrite ^/accessories/otheraccessories/umbrella(/?)$ /women-accessories/other-accessories/umbrella;
rewrite ^/women-accessories/eyewear(/?)$ /women-accessories/sunglasses;
rewrite ^/women-accessories/watches/fashion-watch(/?)$ /women-accessories/watches;
rewrite ^/women-bags/back_packs(/?)$ /women-bags/backpacks;
rewrite ^/women-bags/handbags(/?)$ /women-bags/handbags-purses;
rewrite ^/women-bags/large-oversize-bags(/?)$ /women-bags/handbags-purses;
rewrite ^/women-bags/purses(/?)$ /women-bags/handbags-purses;
rewrite ^/women-bags/satchels-laptop_bags(/?)$ /women-bags/satchels-laptop-bags;
rewrite ^/women-bags/small-leather-goods(/?)$ /women-bags/wallets-pouches;
rewrite ^/women-bags/wallets(/?)$ /women-bags/wallets-pouches;
rewrite ^/beauty/bath-body/accessories(/?)$ /women-beauty/bath-body/accessories;
rewrite ^/women-beauty/bath-body/body_lotion(/?)$ /women-beauty/bath-body/body-lotion;
rewrite ^/beauty/bath-body/body-oil(/?)$ /women-beauty/bath-body/body-oil;
rewrite ^/beauty/bath-body/fragrance-oil(/?)$ /women-beauty/bath-body/fragrance-oil;
rewrite ^/women-beauty/hair/hair_brush(/?)$ /women-beauty/hair/brush;
rewrite ^/women-beauty/hair/hair_color(/?)$ /women-beauty/hair/colour;
rewrite ^/women-beauty/hair/hair_oil(/?)$ /women-beauty/hair/oil;
rewrite ^/women-beauty/hair/hair_styling(/?)$ /women-beauty/hair/styling;
rewrite ^/women-beauty/hair/hair_treatment(/?)$ /women-beauty/hair/treatment;
rewrite ^/women-beauty/skin/night_cream(/?)$ /women-beauty/skin/night-cream;
rewrite ^/women-clothing/western-apparel(/?)$ /women-clothing;
rewrite ^/women-clothing/western-apparel/capris(/?)$ /women-clothing/capris;
rewrite ^/women-clothing/ethnic-indian-wear/bottoms-churidars(/?)$ /women-clothing/churidars-salwars;
rewrite ^/women-clothing/western-apparel/all-dresses(/?)$ /women-clothing/dresses;
rewrite ^/women-clothing/western-apparel/gowns(/?)$ /women-clothing/dresses;
rewrite ^/women-clothing/western-apparel/dress(/?)$ /women-clothing/dresses;
rewrite ^/women-accessories/drapes(/?)$ /women-clothing/dupattas-scarves-shawls;
rewrite ^/women-accessories/drapes/scarves(/?)$ /women-clothing/dupattas-scarves-shawls;
rewrite ^/women-accessories/drapes/stoles(/?)$ /women-clothing/dupattas-scarves-shawls;
rewrite ^/women-accessories/drapes/shawls(/?)$ /women-clothing/dupattas-scarves-shawls;
rewrite ^/women-accessories/drapes/snoods(/?)$ /women-clothing/dupattas-scarves-shawls;
rewrite ^/women-clothing/ethnic-indian-wear/dupattas(/?)$ /women-clothing/dupattas-scarves-shawls;
rewrite ^/women-clothing/western-apparel/jackets-blazers-coats(/?)$ /women-clothing/jackets-blazers-coats;
rewrite ^/women-clothing/western-apparel/denims(/?)$ /women-clothing/jackets-blazers-coats;
rewrite ^/women-clothing/western-apparel/leather(/?)$ /women-clothing/jackets-blazers-coats;
rewrite ^/women-clothing/western-apparel/non_denim(/?)$ /women-clothing/jackets-blazers-coats;
rewrite ^/women-clothing/western-apparel/others(/?)$ /women-clothing/jackets-blazers-coats;
rewrite ^/women-clothing/ethnic-indian-wear/kurtas(/?)$ /women-clothing/kurtas-kurtis;
rewrite ^/women-clothing/ethnic-indian-wear/kurtis(/?)$ /women-clothing/kurtas-kurtis;
rewrite ^/women-accessories/socks-tights(/?)$ /women-clothing/leggings-jeggings/leggings;
rewrite ^/women-clothing/western-apparel/leggings(/?)$ /women-clothing/leggings-jeggings/leggings;
rewrite ^/women-clothing/lingerie/essentials(/?)$ /women-clothing/lingerie/bras-panties;
rewrite ^/women-clothing/lingerie/bras(/?)$ /women-clothing/lingerie/bras-panties;
rewrite ^/women-clothing/lingerie/briefs-panties(/?)$ /women-clothing/lingerie/bras-panties;
rewrite ^/women-clothing/lingerie/camisoles-chemises(/?)$ /women-clothing/lingerie/nightwear;
rewrite ^/women-clothing/lingerie/coordinated-sets(/?)$ /women-clothing/lingerie/nightwear;
rewrite ^/women-clothing/lingerie/specials-valentines(/?)$ /women-clothing/lingerie/nightwear;
rewrite ^/women-clothing/lingerie/shape_wear(/?)$ /women-clothing/lingerie/nightwear;
rewrite ^/women-clothing/lingerie/nigh_wear(/?)$ /women-clothing/lingerie/nightwear;
rewrite ^/women-clothing/ethnic-indian-wear/salwar-kameez-suits(/?)$ /women-clothing/salwar-kameez-suits;
rewrite ^/women-clothing/saree/sarees-with-blouses(/?)$ /women-clothing/sarees;
rewrite ^/women-clothing/saree/designer-sarees(/?)$ /women-clothing/sarees;
rewrite ^/women-clothing/saree(/?)$ /women-clothing/sarees;
rewrite ^/women-clothing/ethnic-indian-wear/skirts(/?)$ /women-clothing/skirts-shorts;
rewrite ^/women-clothing/western-apparel/shorts(/?)$ /women-clothing/skirts-shorts/shorts;
rewrite ^/women-clothing/western-apparel/skirts(/?)$ /women-clothing/skirts-shorts/skirts;
rewrite ^/women-clothing/western-apparel/sweaters-cardigans(/?)$ /women-clothing/tops;
rewrite ^/women-clothing/western-apparel/all-tops(/?)$ /women-clothing/tops;
rewrite ^/women-clothing/ethnic-indian-wear/shrugs-capes(/?)$ /women-clothing/tops;
rewrite ^/women-clothing/western-apparel/shirts-blouses(/?)$ /women-clothing/tops;
rewrite ^/women-clothing/western-apparel/t-shirts(/?)$ /women-clothing/tops;
rewrite ^/women-clothing/western-apparel/tunics(/?)$ /women-clothing/tops;
rewrite ^/women-clothing/western-apparel/trousers(/?)$ /women-clothing/trousers-jumpsuits;
rewrite ^/women-clothing/western-apparel/jeans(/?)$ /women-clothing/trousers-jumpsuits;
rewrite ^/women-clothing/western-apparel/jumpsuits(/?)$ /women-clothing/trousers-jumpsuits;
rewrite ^/women-footwear/flats/moccasins(/?)$ /women-footwear/flats/loafers;
rewrite ^/women-footwear/flats/lace_ups(/?)$ /women-footwear/flats/sandals;
rewrite ^/women-footwear/sandals(/?)$ /women-footwear/flats/sandals;
rewrite ^/women-footwear/sandals/flats(/?)$ /women-footwear/flats/sandals;
rewrite ^/women-footwear/pumps(/?)$ /women-footwear/heels/pumps;
rewrite ^/women-footwear/pumps/all-pumps(/?)$ /women-footwear/heels/pumps;
rewrite ^/women-footwear/sandals/clogs(/?)$ /women-footwear/heels/sandals;
rewrite ^/women-footwear/sandals/platforms(/?)$ /women-footwear/heels/sandals;
rewrite ^/women-footwear/sandals/heels(/?)$ /women-footwear/heels/sandals;
rewrite ^/women-footwear/pumps/sling_backs(/?)$ /women-footwear/heels/sandals;
rewrite ^/women-footwear/flip_flops(/?)$ /women-footwear/slippers-flip-flops;
rewrite ^/women-footwear/sporty(/?)$ /women-footwear/sports;
rewrite ^/women-footwear/sporty/sneakers(/?)$ /women-footwear/sports;
rewrite ^/women-footwear/sporty/canvas(/?)$ /women-footwear/sports;
rewrite ^/home-furnishings/kids-room(/?)$ /home-furnishings/kids-room;
rewrite ^/home-furnishings/kids-room/curtains(/?)$ /home-furnishings/kids-room/curtains;
rewrite ^/home-furnishings/kids-room/cushions(/?)$ /home-furnishings/kids-room/cushions;
rewrite ^/shop-by-room/kids-room/nick-nacks(/?)$ /home-furnishings/kids-room/decor;
rewrite ^/shop-by-room/living-room-bedroom/room-fresheners(/?)$ /home-furnishings/living-home-decor/candles-poutporri;
rewrite ^/outdoors(/?)$ /home-furnishings/outdoor;
rewrite ^/outdoors/garden-accessories(/?)$ /home-furnishings/outdoor/garden-accessories;
rewrite ^/outdoors/light-conservatory-furniture(/?)$ /home-furnishings/outdoor/garden-furniture;
rewrite ^/work(/?)$ /home-furnishings/work-nook;
rewrite ^/work/dairies-organisers(/?)$ /home-furnishings/work-nook/diaries-organisers;
rewrite ^/work/stationery(/?)$ /home-furnishings/work-nook/stationery;
rewrite ^/work/writing-intruments-pens-pencils(/?)$ /home-furnishings/work-nook/writing-instruments-pens-pencils;
rewrite ^/work/stationary(/?)$ /work/stationery;
