rewrite ^/home-furnishings/living-home-decor/art(/?)$ /home/living-home-decor/wall-decor/art;
rewrite ^/home-furnishings/dining-kitchen/table-linen-accessories/table-mats(/?)$ /home/table-linen-accessories/table-mats;
rewrite ^/home-furnishings/dining-kitchen/table-linen-accessories/coasters(/?)$ /home/table-linen-accessories/coasters;
rewrite ^/home-furnishings/dining-kitchen/table-linen-accessories(/?)$  /home/table-linen-accessories;
rewrite ^/home-furnishings/bedroom/bed-linen/pillows(/?)$ /home/bedroom/pillows;
rewrite ^/home-furnishings/bedroom/bed-linen/bed-sheets(/?)$ /home/bedroom/bed-sheets;
rewrite ^/home-furnishings/bathroom(/?)$ /home-furnishings/bath;
rewrite ^/home-furnishings/bathroom/bathrobes(/?)$ /home-furnishings/bath/accessories;
rewrite ^/home-furnishings/bathroom/bathroom-accessories(/?)$ /home-furnishings/bath/accessories;
rewrite ^/home-furnishings/bathroom/bath-towels(/?)$ /home-furnishings/bath/bath-towels;
rewrite ^/home-furnishings/bathroom/bath-mats(/?)$ /home-furnishings/bath/mats;
rewrite ^/home-furnishings/bathroom/shower-curtains(/?)$ /home-furnishings/bath/shower-curtains;
rewrite ^/home-furnishings/living_room-bedroom/soft-furnishings(/?)$ /home-furnishings/bedroom/bed-linen/bed-sheets;
rewrite ^/home-furnishings/living_room-bedroom/quilts-throws(/?)$ /home-furnishings/bedroom/bed-linen/quilts-throws;
rewrite ^/home-furnishings/dining-kitchen(/?)$ /home-furnishings/dining-kitchen;
rewrite ^/home-furnishings/dining-kitchen/barware(/?)$ /home-furnishings/dining-kitchen/barware;
rewrite ^/home-furnishings/dining-kitchen/cookware(/?)$ /home-furnishings/dining-kitchen/cookware;
rewrite ^/home-furnishings/dining-kitchen/cutlery-crockery(/?)$ /home-furnishings/dining-kitchen/cutlery;
rewrite ^/home-furnishings/dining-kitchen/home-appliances(/?)$ /home-furnishings/dining-kitchen/cutlery;
rewrite ^/home-furnishings/dining-kitchen/dinnerware(/?)$ /home-furnishings/dining-kitchen/dinner-sets;
rewrite ^/home-furnishings/dining-kitchen/glassware(/?)$ /home-furnishings/dining-kitchen/glasses;
rewrite ^/home-furnishings/dining-kitchen/kitchen-decor(/?)$ /home-furnishings/dining-kitchen/kitchen-accessories;
rewrite ^/home-furnishings/dining-kitchen/tea-sets(/?)$ /home-furnishings/dining-kitchen/mugs-tea-sets;
rewrite ^/home-furnishings/dining-kitchen/storage(/?)$ /home-furnishings/dining-kitchen/storage;
rewrite ^/home-furnishings/dining-kitchen/table_linen-accessories(/?)$ /home-furnishings/dining-kitchen/table-linen-accessories/coasters;
rewrite ^/home-furnishings/kids-room/quilts-throws(/?)$ /home-furnishings/kids-room/bed-linen;
rewrite ^/home-furnishings/kids-room/soft-furnishings(/?)$ /home-furnishings/kids-room/bed-linen;
rewrite ^/home-furnishings/kids-room/beanbags(/?)$ /home-furnishings/kids-room/decor;
rewrite ^/home-furnishings/kids-room/pictures-frames(/?)$ /home-furnishings/kids-room/decor;
rewrite ^/home-furnishings/living_room-bedroom(/?)$ /home-furnishings/living-home-decor;
rewrite ^/home-furnishings/living_room-bedroom/art(/?)$ /home-furnishings/living-home-decor/art;
rewrite ^/home-furnishings/living_room-bedroom/clocks(/?)$ /home-furnishings/living-home-decor/clocks;
rewrite ^/home-furnishings/living_room-bedroom/curtains-rods(/?)$ /home-furnishings/living-home-decor/curtains;
rewrite ^/home-furnishings/living_room-bedroom/cushions(/?)$ /home-furnishings/living-home-decor/cushions;
rewrite ^/home-furnishings/living_room-bedroom/lightings(/?)$ /home-furnishings/living-home-decor/lightings;
rewrite ^/home-furnishings/living_room-bedroom/rugs-carpets(/?)$ /home-furnishings/living-home-decor/rugs-carpets;
rewrite ^/home-furnishings/living_room-bedroom/home-decor(/?)$ /home-furnishings/living-home-decor/table-decor;
rewrite ^/home-furnishings/living_room-bedroom/mirrors(/?)$ /home-furnishings/living-home-decor/wall-decor;
